<?xml version="1.0" encoding="UTF-8"?>
<!-- Generated by org.testng.reporters.JUnitXMLReporter -->
<testsuite hostname="RPC177" ignored="4" name="Default test" tests="2" failures="2" timestamp="21 Dec 2018 12:35:46 GMT" time="0.388" errors="0">
  <testcase name="testCreate" time="0.311" classname="com.ofs.training.java.test.PersonServletTest">
    <failure type="java.lang.NoClassDefFoundError" message="org/apache/commons/logging/LogFactory">
      <![CDATA[java.lang.NoClassDefFoundError: org/apache/commons/logging/LogFactory
at org.apache.http.conn.ssl.DefaultHostnameVerifier.<init>(DefaultHostnameVerifier.java:72)
at org.apache.http.impl.client.HttpClientBuilder.build(HttpClientBuilder.java:955)
at com.ofs.training.java.test.RequestHelper.requestRaw(RequestHelper.java:87)
at com.ofs.training.java.test.RequestHelper.requestEntity(RequestHelper.java:79)
at com.ofs.training.java.test.RequestHelper.requestObject(RequestHelper.java:131)
at com.ofs.training.java.test.RequestHelper.requestObject(RequestHelper.java:124)
at com.ofs.training.java.test.PersonServletTest.testCreate(PersonServletTest.java:35)
at sun.reflect.NativeMethodAccessorImpl.invoke0(Native Method)
at sun.reflect.NativeMethodAccessorImpl.invoke(NativeMethodAccessorImpl.java:62)
at sun.reflect.DelegatingMethodAccessorImpl.invoke(DelegatingMethodAccessorImpl.java:43)
at java.lang.reflect.Method.invoke(Method.java:498)
at org.testng.internal.MethodInvocationHelper.invokeMethod(MethodInvocationHelper.java:124)
at org.testng.internal.Invoker.invokeMethod(Invoker.java:580)
at org.testng.internal.Invoker.invokeTestMethod(Invoker.java:716)
at org.testng.internal.Invoker.invokeTestMethods(Invoker.java:988)
at org.testng.internal.TestMethodWorker.invokeTestMethods(TestMethodWorker.java:125)
at org.testng.internal.TestMethodWorker.run(TestMethodWorker.java:109)
at org.testng.TestRunner.privateRun(TestRunner.java:648)
at org.testng.TestRunner.run(TestRunner.java:505)
at org.testng.SuiteRunner.runTest(SuiteRunner.java:455)
at org.testng.SuiteRunner.runSequentially(SuiteRunner.java:450)
at org.testng.SuiteRunner.privateRun(SuiteRunner.java:415)
at org.testng.SuiteRunner.run(SuiteRunner.java:364)
at org.testng.SuiteRunnerWorker.runSuite(SuiteRunnerWorker.java:52)
at org.testng.SuiteRunnerWorker.run(SuiteRunnerWorker.java:84)
at org.testng.TestNG.runSuitesSequentially(TestNG.java:1208)
at org.testng.TestNG.runSuitesLocally(TestNG.java:1137)
at org.testng.TestNG.runSuites(TestNG.java:1049)
at org.testng.TestNG.run(TestNG.java:1017)
at org.testng.remote.AbstractRemoteTestNG.run(AbstractRemoteTestNG.java:114)
at org.testng.remote.RemoteTestNG.initAndRun(RemoteTestNG.java:251)
at org.testng.remote.RemoteTestNG.main(RemoteTestNG.java:77)
Caused by: java.lang.ClassNotFoundException: org.apache.commons.logging.LogFactory
at java.net.URLClassLoader.findClass(URLClassLoader.java:381)
at java.lang.ClassLoader.loadClass(ClassLoader.java:424)
at sun.misc.Launcher$AppClassLoader.loadClass(Launcher.java:349)
at java.lang.ClassLoader.loadClass(ClassLoader.java:357)
... 32 more
]]>
    </failure>
  </testcase> <!-- testCreate -->
  <testcase name="testCreate" time="0.012" classname="com.ofs.training.java.test.PersonServletTest">
    <failure type="java.lang.NoClassDefFoundError" message="org/apache/commons/logging/LogFactory">
      <![CDATA[java.lang.NoClassDefFoundError: org/apache/commons/logging/LogFactory
at org.apache.http.conn.ssl.DefaultHostnameVerifier.<init>(DefaultHostnameVerifier.java:72)
at org.apache.http.impl.client.HttpClientBuilder.build(HttpClientBuilder.java:955)
at com.ofs.training.java.test.RequestHelper.requestRaw(RequestHelper.java:87)
at com.ofs.training.java.test.RequestHelper.requestEntity(RequestHelper.java:79)
at com.ofs.training.java.test.RequestHelper.requestObject(RequestHelper.java:131)
at com.ofs.training.java.test.RequestHelper.requestObject(RequestHelper.java:124)
at com.ofs.training.java.test.PersonServletTest.testCreate(PersonServletTest.java:35)
at sun.reflect.NativeMethodAccessorImpl.invoke0(Native Method)
at sun.reflect.NativeMethodAccessorImpl.invoke(NativeMethodAccessorImpl.java:62)
at sun.reflect.DelegatingMethodAccessorImpl.invoke(DelegatingMethodAccessorImpl.java:43)
at java.lang.reflect.Method.invoke(Method.java:498)
at org.testng.internal.MethodInvocationHelper.invokeMethod(MethodInvocationHelper.java:124)
at org.testng.internal.Invoker.invokeMethod(Invoker.java:580)
at org.testng.internal.Invoker.invokeTestMethod(Invoker.java:716)
at org.testng.internal.Invoker.invokeTestMethods(Invoker.java:988)
at org.testng.internal.TestMethodWorker.invokeTestMethods(TestMethodWorker.java:125)
at org.testng.internal.TestMethodWorker.run(TestMethodWorker.java:109)
at org.testng.TestRunner.privateRun(TestRunner.java:648)
at org.testng.TestRunner.run(TestRunner.java:505)
at org.testng.SuiteRunner.runTest(SuiteRunner.java:455)
at org.testng.SuiteRunner.runSequentially(SuiteRunner.java:450)
at org.testng.SuiteRunner.privateRun(SuiteRunner.java:415)
at org.testng.SuiteRunner.run(SuiteRunner.java:364)
at org.testng.SuiteRunnerWorker.runSuite(SuiteRunnerWorker.java:52)
at org.testng.SuiteRunnerWorker.run(SuiteRunnerWorker.java:84)
at org.testng.TestNG.runSuitesSequentially(TestNG.java:1208)
at org.testng.TestNG.runSuitesLocally(TestNG.java:1137)
at org.testng.TestNG.runSuites(TestNG.java:1049)
at org.testng.TestNG.run(TestNG.java:1017)
at org.testng.remote.AbstractRemoteTestNG.run(AbstractRemoteTestNG.java:114)
at org.testng.remote.RemoteTestNG.initAndRun(RemoteTestNG.java:251)
at org.testng.remote.RemoteTestNG.main(RemoteTestNG.java:77)
]]>
    </failure>
  </testcase> <!-- testCreate -->
  <testcase name="testDelete" time="0.0" classname="com.ofs.training.java.test.PersonServletTest">
    <ignored/>
  </testcase> <!-- testDelete -->
  <testcase name="testReadAll" time="0.0" classname="com.ofs.training.java.test.PersonServletTest">
    <ignored/>
  </testcase> <!-- testReadAll -->
  <testcase name="testUpdate" time="0.0" classname="com.ofs.training.java.test.PersonServletTest">
    <ignored/>
  </testcase> <!-- testUpdate -->
  <testcase name="testRead" time="0.0" classname="com.ofs.training.java.test.PersonServletTest">
    <ignored/>
  </testcase> <!-- testRead -->
</testsuite> <!-- Default test -->
